[debug] [2020-01-23T08:52:40.387Z] ----------------------------------------------------------------------
[debug] [2020-01-23T08:52:40.392Z] Command:       /usr/local/bin/node /usr/local/bin/firebase serve
[debug] [2020-01-23T08:52:40.393Z] CLI Version:   7.11.0
[debug] [2020-01-23T08:52:40.393Z] Platform:      darwin
[debug] [2020-01-23T08:52:40.393Z] Node Version:  v10.15.3
[debug] [2020-01-23T08:52:40.394Z] Time:          Thu Jan 23 2020 08:52:40 GMT+0000 (Greenwich Mean Time)
[debug] [2020-01-23T08:52:40.395Z] ----------------------------------------------------------------------
[debug] [2020-01-23T08:52:40.395Z] 
[debug] [2020-01-23T08:52:40.424Z] > command requires scopes: ["email","openid","https://www.googleapis.com/auth/cloudplatformprojects.readonly","https://www.googleapis.com/auth/firebase","https://www.googleapis.com/auth/cloud-platform"]
[debug] [2020-01-23T08:52:40.425Z] > authorizing via signed-in user
[debug] [2020-01-23T08:52:40.425Z] [iam] checking project healthyapp-289a0 for permissions ["firebase.projects.get"]
[debug] [2020-01-23T08:52:40.427Z] > refreshing access token with scopes: ["email","https://www.googleapis.com/auth/cloud-platform","https://www.googleapis.com/auth/cloudplatformprojects.readonly","https://www.googleapis.com/auth/firebase","openid"]
[debug] [2020-01-23T08:52:40.427Z] >>> HTTP REQUEST POST https://www.googleapis.com/oauth2/v3/token  
 <request body omitted>
[debug] [2020-01-23T08:52:40.554Z] <<< HTTP RESPONSE 200
[debug] [2020-01-23T08:52:40.572Z] >>> HTTP REQUEST POST https://cloudresourcemanager.googleapis.com/v1/projects/healthyapp-289a0:testIamPermissions  

[debug] [2020-01-23T08:52:40.753Z] <<< HTTP RESPONSE 200
[debug] [2020-01-23T08:52:40.755Z] >>> HTTP REQUEST GET https://firebase.googleapis.com/v1beta1/projects/healthyapp-289a0  
 
[debug] [2020-01-23T08:52:41.044Z] <<< HTTP RESPONSE 200
[info] 
[info] === Serving from '/Users/faddlebadiane/HealthyApp'...
[info] 
[debug] [2020-01-23T08:52:41.052Z] >>> HTTP REQUEST GET https://firebase.googleapis.com/v1beta1/projects/healthyapp-289a0/webApps/-/config  
 
[warn] ⚠  Your requested "node" version "8" doesn't match your global version "10"
[info] ✔  functions: Emulator started at http://localhost:5001
[debug] [2020-01-23T08:52:41.668Z] <<< HTTP RESPONSE 200
[info] i  functions: Watching "/Users/faddlebadiane/HealthyApp/functions" for Cloud Functions...
[debug] [2020-01-23T08:52:41.764Z] [worker-pool] addWorker(~diagnostic~)
[debug] [2020-01-23T08:52:41.764Z] [worker-pool] Adding worker with key ~diagnostic~, total=1
[debug] [2020-01-23T08:52:41.765Z] [worker-pool] submitWork(triggerId=)
[debug] [2020-01-23T08:52:41.766Z] [worker-~diagnostic~-06e9f432-13f7-4cb2-a141-b4f4d56d99b0]: Assigning socketPath: /var/folders/w0/6z4569yj7tz8skkfxw6mrq940000gn/T/fire_emu_40692.sock
[debug] [2020-01-23T08:52:41.767Z] [worker-~diagnostic~-06e9f432-13f7-4cb2-a141-b4f4d56d99b0]: BUSY
[info] i  hosting: Serving hosting files from: public
[info] ✔  hosting: Local server: http://localhost:5000
[debug] [2020-01-23T08:52:42.665Z] [runtime-status] [40692] Functions runtime initialized. {"cwd":"/Users/faddlebadiane/HealthyApp/functions","node_version":"10.15.3"}
[debug] [2020-01-23T08:52:42.667Z] [runtime-status] [40692] Disabled runtime features: {"functions_config_helper":true,"network_filtering":true,"timeout":true,"memory_limiting":true,"admin_stubs":true,"pubsub_emulator":true}
[debug] [2020-01-23T08:52:42.674Z] [runtime-status] [40692] Resolved module firebase-admin {"declared":true,"installed":true,"version":"8.9.0","resolution":"/Users/faddlebadiane/HealthyApp/functions/node_modules/firebase-admin/lib/index.js"}
[debug] [2020-01-23T08:52:42.679Z] [runtime-status] [40692] Resolved module firebase-functions {"declared":true,"installed":true,"version":"3.3.0","resolution":"/Users/faddlebadiane/HealthyApp/functions/node_modules/firebase-functions/lib/index.js"}
[debug] [2020-01-23T08:52:42.680Z] [runtime-status] [40692] Resolved module firebase-functions {"declared":true,"installed":true,"version":"3.3.0","resolution":"/Users/faddlebadiane/HealthyApp/functions/node_modules/firebase-functions/lib/index.js"}
[debug] [2020-01-23T08:52:42.774Z] [worker-~diagnostic~-06e9f432-13f7-4cb2-a141-b4f4d56d99b0]: IDLE
